<?xml version="1.0" encoding="UTF-8"?>
<testsuite xmlns:xsi="http://www.w3.org/2001/XMLSchema-instance" xsi:noNamespaceSchemaLocation="https://maven.apache.org/surefire/maven-surefire-plugin/xsd/surefire-test-report-3.0.xsd" version="3.0" name="TestGrille" time="0.015" tests="6" errors="0" skipped="0" failures="0">
  <properties>
[...]
</properties>
  <testcase name="isComplete" classname="TestGrille" time="0.007"/>
  <testcase name="getDimension" classname="TestGrille" time="0"/>
  <testcase name="isValeurInitiale" classname="TestGrille" time="0.001"/>
  <testcase name="isPossible" classname="TestGrille" time="0"/>
  <testcase name="getValue" classname="TestGrille" time="0"/>
  <testcase name="getElements" classname="TestGrille" time="0"/>
</testsuite>